<?xml version="1.0" encoding="UTF-8"?>
<!-- Generated by org.testng.reporters.JUnitReportReporter -->
<testsuite hostname="LAPTOP-6845P3O5" failures="0" tests="3" name="com.zigwheels.UsedCars.UsedCarsTest" time="56.964" errors="0" timestamp="2021-03-23T20:19:39 IST" skipped="0">
  <testcase classname="com.zigwheels.UsedCars.UsedCarsTest" name="extractUsedCarsModel1" time="13.758"/>
  <system-out/>
  <testcase classname="com.zigwheels.UsedCars.UsedCarsTest" name="extractUsedCarsModel2" time="15.166"/>
  <system-out/>
  <testcase classname="com.zigwheels.UsedCars.UsedCarsTest" name="extractUsedCarsModel3" time="28.040"/>
  <system-out/>
</testsuite> <!-- com.zigwheels.UsedCars.UsedCarsTest -->
