<?xml version="1.0" encoding="UTF-8"?>
<!-- Generated by org.testng.reporters.JUnitReportReporter -->
<testsuite hostname="LAPTOP-6845P3O5" failures="0" tests="1" name="com.newbikes.base.baseUI" time="0.038" errors="0" timestamp="2021-03-21T11:31:39 IST" skipped="0">
  <testcase classname="com.newbikes.base.baseUI" name="makeTestDirectory" time="0.038"/>
  <system-out/>
</testsuite> <!-- com.newbikes.base.baseUI -->
