<?xml version="1.0" encoding="UTF-8"?>
<!-- Generated by org.testng.reporters.JUnitReportReporter -->
<testsuite hostname="LAPTOP-6845P3O5" failures="0" tests="1" name="com.newbikes.base.readDataSheet" time="2.883" errors="0" timestamp="2021-03-22T12:47:25 IST" skipped="0">
  <testcase classname="com.newbikes.base.readDataSheet" name="main" time="2.883"/>
  <system-out/>
</testsuite> <!-- com.newbikes.base.readDataSheet -->
