<?xml version="1.0" encoding="UTF-8"?>
<!-- Generated by org.testng.reporters.JUnitReportReporter -->
<testsuite hostname="LAPTOP-6845P3O5" failures="0" tests="3" name="com.zigwheels.testupcomingbikes.NewBikesTest" time="75.227" errors="0" timestamp="2021-03-23T20:19:39 IST" skipped="0">
  <testcase classname="com.zigwheels.testupcomingbikes.NewBikesTest" name="Test1" time="22.831"/>
  <system-out/>
  <testcase classname="com.zigwheels.testupcomingbikes.NewBikesTest" name="Test2" time="27.626"/>
  <system-out/>
  <testcase classname="com.zigwheels.testupcomingbikes.NewBikesTest" name="Test3" time="24.770"/>
  <system-out/>
</testsuite> <!-- com.zigwheels.testupcomingbikes.NewBikesTest -->
