<?xml version="1.0" encoding="UTF-8"?>
<!-- Generated by org.testng.reporters.JUnitReportReporter -->
<testsuite hostname="LAPTOP-6845P3O5" failures="0" tests="7" name="com.zigwheels.testlogin.LoginTest" time="220.567" errors="0" timestamp="2021-03-23T20:19:39 IST" skipped="0">
  <testcase classname="com.zigwheels.testlogin.LoginTest" name="testOne" time="24.531"/>
  <system-out/>
  <testcase classname="com.zigwheels.testlogin.LoginTest" name="testTwo" time="16.973"/>
  <system-out/>
  <testcase classname="com.zigwheels.testlogin.LoginTest" name="testThree" time="59.202"/>
  <system-out/>
  <testcase classname="com.zigwheels.testlogin.LoginTest" name="testFour" time="41.058"/>
  <system-out/>
  <testcase classname="com.zigwheels.testlogin.LoginTest" name="testFive" time="30.195"/>
  <system-out/>
  <testcase classname="com.zigwheels.testlogin.LoginTest" name="testSix" time="24.650"/>
  <system-out/>
  <testcase classname="com.zigwheels.testlogin.LoginTest" name="testSeven" time="23.958"/>
  <system-out/>
</testsuite> <!-- com.zigwheels.testlogin.LoginTest -->
