<?xml version="1.0" encoding="UTF-8"?>
<!-- Generated by org.testng.reporters.JUnitReportReporter -->
<testsuite hostname="LAPTOP-6845P3O5" failures="0" tests="4" name="com.zigwheels.testupcomingbikes.UpcomingBikesTest" time="142.783" errors="0" timestamp="2021-03-23T20:19:39 IST" skipped="0">
  <testcase classname="com.zigwheels.testupcomingbikes.UpcomingBikesTest" name="Test1" time="49.687"/>
  <system-out/>
  <testcase classname="com.zigwheels.testupcomingbikes.UpcomingBikesTest" name="Test2" time="31.754"/>
  <system-out/>
  <testcase classname="com.zigwheels.testupcomingbikes.UpcomingBikesTest" name="Test3" time="27.441"/>
  <system-out/>
  <testcase classname="com.zigwheels.testupcomingbikes.UpcomingBikesTest" name="Test4" time="33.901"/>
  <system-out/>
</testsuite> <!-- com.zigwheels.testupcomingbikes.UpcomingBikesTest -->
